<?xml version="1.0" encoding="UTF-8"?>
<testng-results ignored="0" total="2" passed="2" failed="0" skipped="0">
  <reporter-output>
  </reporter-output>
  <suite started-at="2020-08-14T10:19:11 IST" name="Default suite" finished-at="2020-08-14T10:20:06 IST" duration-ms="54260">
    <groups>
    </groups>
    <test started-at="2020-08-14T10:19:11 IST" name="Default test" finished-at="2020-08-14T10:20:06 IST" duration-ms="54260">
      <class name="test.UpdateSubscriptionTest">
        <test-method is-config="true" signature="setUp()[pri:0, instance:test.UpdateSubscriptionTest@add0edd]" started-at="2020-08-14T10:19:11 IST" name="setUp" finished-at="2020-08-14T10:19:30 IST" duration-ms="18119" status="PASS">
          <reporter-output>
          </reporter-output>
        </test-method> <!-- setUp -->
        <test-method signature="retailerLogin()[pri:0, instance:test.UpdateSubscriptionTest@add0edd]" started-at="2020-08-14T10:19:30 IST" name="retailerLogin" finished-at="2020-08-14T10:19:39 IST" duration-ms="9089" status="PASS">
          <reporter-output>
          </reporter-output>
        </test-method> <!-- retailerLogin -->
        <test-method signature="updatePlan()[pri:1, instance:test.UpdateSubscriptionTest@add0edd]" started-at="2020-08-14T10:19:39 IST" name="updatePlan" finished-at="2020-08-14T10:20:06 IST" duration-ms="26929" status="PASS">
          <reporter-output>
          </reporter-output>
        </test-method> <!-- updatePlan -->
      </class> <!-- test.UpdateSubscriptionTest -->
    </test> <!-- Default test -->
  </suite> <!-- Default suite -->
</testng-results>
