<?xml version="1.0" encoding="UTF-8"?>
<testng-results ignored="0" total="1" passed="1" failed="0" skipped="0">
  <reporter-output>
  </reporter-output>
  <suite started-at="2020-07-14T18:55:22 IST" name="Default suite" finished-at="2020-07-14T18:56:44 IST" duration-ms="82081">
    <groups>
    </groups>
    <test started-at="2020-07-14T18:55:22 IST" name="Default test" finished-at="2020-07-14T18:56:44 IST" duration-ms="82081">
      <class name="test.RetailerLoginTest">
        <test-method is-config="true" signature="setUp()[pri:0, instance:test.RetailerLoginTest@2aa3cd93]" started-at="2020-07-14T18:55:22 IST" name="setUp" finished-at="2020-07-14T18:56:21 IST" duration-ms="59110" status="PASS">
          <reporter-output>
          </reporter-output>
        </test-method> <!-- setUp -->
        <test-method signature="testInvalidLogin()[pri:0, instance:test.RetailerLoginTest@2aa3cd93]" started-at="2020-07-14T18:56:21 IST" name="testInvalidLogin" finished-at="2020-07-14T18:56:25 IST" duration-ms="3187" status="PASS">
          <reporter-output>
          </reporter-output>
        </test-method> <!-- testInvalidLogin -->
        <test-method is-config="true" signature="closeBrowser()[pri:0, instance:test.RetailerLoginTest@2aa3cd93]" started-at="2020-07-14T18:56:25 IST" name="closeBrowser" finished-at="2020-07-14T18:56:44 IST" duration-ms="19612" status="PASS">
          <reporter-output>
          </reporter-output>
        </test-method> <!-- closeBrowser -->
      </class> <!-- test.RetailerLoginTest -->
    </test> <!-- Default test -->
  </suite> <!-- Default suite -->
</testng-results>
